2025-07-05 10:19:43,231 - INFO - 启动增强版黄金价格预测分析
2025-07-05 10:19:43,231 - INFO - 开始加载和准备数据...
2025-07-05 10:19:43,242 - INFO - 数据加载完成: 1718 行, 81 列
2025-07-05 10:19:43,250 - INFO - 移除了 2 行缺失数据
2025-07-05 10:19:43,251 - INFO - 执行数据质量检查...
2025-07-05 10:19:43,256 - INFO - 目标变量中发现 324 个潜在异常值
2025-07-05 10:19:43,257 - INFO - 目标变量 - 偏度: 1.167, 峰度: 0.250
2025-07-05 10:19:43,258 - INFO - 数据准备完成: 1716 行, 日期范围: 2017-12-15 00:00:00 到 2024-12-31 00:00:00
2025-07-05 10:19:43,258 - INFO - 创建高级特征...
2025-07-05 10:19:43,440 - INFO - 特征创建完成。清洁数据集: (1517, 256)
2025-07-05 10:19:43,442 - INFO - 总特征数: 254
2025-07-05 10:19:43,442 - INFO - 创建增强模型...
2025-07-05 10:19:43,442 - INFO - 训练和评估模型...
2025-07-05 10:19:43,444 - INFO - 数据分割 - 训练: 1213, 测试: 304
2025-07-05 10:19:43,444 - INFO - 执行特征选择，从 254 个特征中选择 30 个
2025-07-05 10:19:43,452 - INFO - 选中的特征: ['Open', 'High', 'Low', 'Adj Close', 'sma_5', 'ema_5', 'sma_10', 'ema_10', 'sma_20', 'ema_20', 'bollinger_upper_10', 'bollinger_lower_10', 'rolling_mean_10', 'rolling_q25_10', 'rolling_q75_10', 'rolling_median_10', 'rolling_mean_20', 'rolling_q25_20', 'Close_lag_1', 'Close_lag_2', 'Close_lag_3', 'Close_lag_5', 'Close_rolling_mean_5', 'Close_rolling_min_5', 'Close_rolling_max_5', 'Close_rolling_mean_10', 'Close_rolling_min_10', 'Close_rolling_max_10', 'Close_rolling_mean_20', 'Close_rolling_min_20']
2025-07-05 10:19:43,452 - INFO - 训练 linear_regression...
2025-07-05 10:19:43,461 - INFO - linear_regression - 测试 R²: 1.0000, 测试 RMSE: 0.0000
2025-07-05 10:19:43,461 - INFO - 训练 ridge_regression...
2025-07-05 10:19:43,461 - INFO - 为 ridge_regression 优化超参数
2025-07-05 10:19:44,772 - INFO - ridge_regression 最佳参数: {'model__alpha': 0.1}
2025-07-05 10:19:44,775 - INFO - ridge_regression - 测试 R²: 1.0000, 测试 RMSE: 0.0243
2025-07-05 10:19:44,775 - INFO - 训练 lasso_regression...
2025-07-05 10:19:44,775 - INFO - 为 lasso_regression 优化超参数
2025-07-05 10:19:44,868 - INFO - lasso_regression 最佳参数: {'model__alpha': 0.01}
2025-07-05 10:19:44,898 - INFO - lasso_regression - 测试 R²: 0.9999, 测试 RMSE: 0.0572
2025-07-05 10:19:44,898 - INFO - 训练 elastic_net...
2025-07-05 10:19:44,916 - INFO - elastic_net - 测试 R²: 0.9671, 测试 RMSE: 0.8583
2025-07-05 10:19:44,916 - INFO - 训练 random_forest...
2025-07-05 10:19:44,916 - INFO - 为 random_forest 优化超参数
2025-07-05 10:19:48,675 - INFO - random_forest 最佳参数: {'model__n_estimators': 100, 'model__min_samples_split': 5, 'model__max_depth': 20}
2025-07-05 10:19:48,884 - INFO - random_forest - 测试 R²: 1.0000, 测试 RMSE: 0.0191
2025-07-05 10:19:48,884 - INFO - 训练 extra_trees...
2025-07-05 10:19:48,999 - INFO - extra_trees - 测试 R²: 1.0000, 测试 RMSE: 0.0258
2025-07-05 10:19:48,999 - INFO - 训练 gradient_boosting...
2025-07-05 10:19:48,999 - INFO - 为 gradient_boosting 优化超参数
2025-07-05 10:19:55,264 - INFO - gradient_boosting 最佳参数: {'model__n_estimators': 200, 'model__max_depth': 3, 'model__learning_rate': 0.1}
2025-07-05 10:19:56,300 - INFO - gradient_boosting - 测试 R²: 0.9994, 测试 RMSE: 0.1121
2025-07-05 10:19:56,300 - INFO - 训练 svr_rbf...
2025-07-05 10:19:56,300 - INFO - 为 svr_rbf 优化超参数
2025-07-05 10:19:56,466 - INFO - svr_rbf 最佳参数: {'model__gamma': 'scale', 'model__C': 10}
2025-07-05 10:19:56,512 - INFO - svr_rbf - 测试 R²: 0.9996, 测试 RMSE: 0.0918
2025-07-05 10:19:56,512 - INFO - 训练 svr_linear...
2025-07-05 10:19:56,571 - INFO - svr_linear - 测试 R²: 0.9999, 测试 RMSE: 0.0459
2025-07-05 10:19:56,571 - INFO - 训练 mlp_regressor...
2025-07-05 10:19:57,049 - INFO - mlp_regressor - 测试 R²: 0.9790, 测试 RMSE: 0.6855
2025-07-05 10:19:57,049 - INFO - 最佳模型: linear_regression
2025-07-05 10:19:57,049 - INFO - 创建综合可视化...
2025-07-05 10:19:58,178 - INFO - 模型 linear_regression 不支持特征重要性分析
2025-07-05 10:19:58,915 - INFO - 可视化已保存到 results/Q3_enhanced/plots
2025-07-05 10:19:58,915 - INFO - 保存综合结果...
2025-07-05 10:19:58,956 - INFO - 结果已保存到 results/Q3_enhanced
2025-07-05 10:19:58,956 - INFO - 生成综合分析报告...
2025-07-05 10:19:58,959 - INFO - 报告已生成: results/Q3_enhanced/reports/comprehensive_analysis_report.md
2025-07-05 10:28:42,589 - INFO - 启动增强版黄金价格预测分析
2025-07-05 10:28:42,590 - INFO - 开始加载和准备数据...
2025-07-05 10:28:42,599 - INFO - 数据加载完成: 1718 行, 81 列
2025-07-05 10:28:42,604 - INFO - 移除了 2 行缺失数据
2025-07-05 10:28:42,605 - INFO - 执行数据质量检查...
2025-07-05 10:28:42,610 - INFO - 目标变量中发现 324 个潜在异常值
2025-07-05 10:28:42,610 - INFO - 目标变量 - 偏度: 1.167, 峰度: 0.250
2025-07-05 10:28:42,611 - INFO - 数据准备完成: 1716 行, 日期范围: 2017-12-15 00:00:00 到 2024-12-31 00:00:00
2025-07-05 10:28:42,611 - INFO - 创建高级特征...
2025-07-05 10:28:42,793 - INFO - 特征创建完成。清洁数据集: (1517, 256)
2025-07-05 10:28:42,795 - INFO - 总特征数: 254
2025-07-05 10:28:42,795 - INFO - 创建增强模型...
2025-07-05 10:28:42,795 - INFO - 训练和评估模型...
2025-07-05 10:28:42,797 - INFO - 数据分割 - 训练: 1213, 测试: 304
2025-07-05 10:28:42,797 - INFO - 执行特征选择，从 254 个特征中选择 30 个
2025-07-05 10:28:42,804 - INFO - 选中的特征: ['Open', 'High', 'Low', 'Adj Close', 'sma_5', 'ema_5', 'sma_10', 'ema_10', 'sma_20', 'ema_20', 'bollinger_upper_10', 'bollinger_lower_10', 'rolling_mean_10', 'rolling_q25_10', 'rolling_q75_10', 'rolling_median_10', 'rolling_mean_20', 'rolling_q25_20', 'Close_lag_1', 'Close_lag_2', 'Close_lag_3', 'Close_lag_5', 'Close_rolling_mean_5', 'Close_rolling_min_5', 'Close_rolling_max_5', 'Close_rolling_mean_10', 'Close_rolling_min_10', 'Close_rolling_max_10', 'Close_rolling_mean_20', 'Close_rolling_min_20']
2025-07-05 10:28:42,804 - INFO - 训练 linear_regression...
2025-07-05 10:28:42,815 - INFO - linear_regression - 测试 R²: 1.0000, 测试 RMSE: 0.0000
2025-07-05 10:28:42,815 - INFO - 训练 ridge_regression...
2025-07-05 10:28:42,815 - INFO - 为 ridge_regression 优化超参数
2025-07-05 10:28:44,153 - INFO - ridge_regression 最佳参数: {'model__alpha': 0.1}
2025-07-05 10:28:44,157 - INFO - ridge_regression - 测试 R²: 1.0000, 测试 RMSE: 0.0243
2025-07-05 10:28:44,157 - INFO - 训练 lasso_regression...
2025-07-05 10:28:44,157 - INFO - 为 lasso_regression 优化超参数
2025-07-05 10:28:44,248 - INFO - lasso_regression 最佳参数: {'model__alpha': 0.01}
2025-07-05 10:28:44,276 - INFO - lasso_regression - 测试 R²: 0.9999, 测试 RMSE: 0.0572
2025-07-05 10:28:44,276 - INFO - 训练 elastic_net...
2025-07-05 10:28:44,294 - INFO - elastic_net - 测试 R²: 0.9671, 测试 RMSE: 0.8583
2025-07-05 10:28:44,294 - INFO - 训练 random_forest...
2025-07-05 10:28:44,294 - INFO - 为 random_forest 优化超参数
2025-07-05 10:28:48,474 - INFO - random_forest 最佳参数: {'model__n_estimators': 100, 'model__min_samples_split': 5, 'model__max_depth': 20}
2025-07-05 10:28:48,684 - INFO - random_forest - 测试 R²: 1.0000, 测试 RMSE: 0.0191
2025-07-05 10:28:48,684 - INFO - 训练 extra_trees...
2025-07-05 10:28:48,794 - INFO - extra_trees - 测试 R²: 1.0000, 测试 RMSE: 0.0258
2025-07-05 10:28:48,794 - INFO - 训练 gradient_boosting...
2025-07-05 10:28:48,794 - INFO - 为 gradient_boosting 优化超参数
2025-07-05 10:28:55,201 - INFO - gradient_boosting 最佳参数: {'model__n_estimators': 200, 'model__max_depth': 3, 'model__learning_rate': 0.1}
2025-07-05 10:28:56,230 - INFO - gradient_boosting - 测试 R²: 0.9994, 测试 RMSE: 0.1121
2025-07-05 10:28:56,230 - INFO - 训练 svr_rbf...
2025-07-05 10:28:56,230 - INFO - 为 svr_rbf 优化超参数
2025-07-05 10:28:56,400 - INFO - svr_rbf 最佳参数: {'model__gamma': 'scale', 'model__C': 10}
2025-07-05 10:28:56,447 - INFO - svr_rbf - 测试 R²: 0.9996, 测试 RMSE: 0.0918
2025-07-05 10:28:56,448 - INFO - 训练 svr_linear...
2025-07-05 10:28:56,507 - INFO - svr_linear - 测试 R²: 0.9999, 测试 RMSE: 0.0459
2025-07-05 10:28:56,507 - INFO - 训练 mlp_regressor...
2025-07-05 10:28:56,992 - INFO - mlp_regressor - 测试 R²: 0.9790, 测试 RMSE: 0.6855
2025-07-05 10:28:56,992 - INFO - 最佳模型: linear_regression
2025-07-05 10:28:56,992 - INFO - 创建综合可视化...
2025-07-05 10:28:58,099 - INFO - 模型 linear_regression 不支持特征重要性分析
2025-07-05 10:28:58,942 - INFO - 可视化已保存到 results/Q3_enhanced/plots
2025-07-05 10:28:58,942 - INFO - 保存综合结果...
2025-07-05 10:28:59,010 - INFO - 结果已保存到 results/Q3_enhanced
2025-07-05 10:28:59,011 - INFO - 生成综合分析报告...
2025-07-05 10:28:59,014 - INFO - 报告已生成: results/Q3_enhanced/reports/comprehensive_analysis_report.md
2025-07-05 10:32:46,772 - INFO - 启动增强版黄金价格预测分析
2025-07-05 10:32:46,773 - INFO - 开始加载和准备数据...
2025-07-05 10:32:46,785 - INFO - 数据加载完成: 1718 行, 81 列
2025-07-05 10:32:46,791 - INFO - 移除了 2 行缺失数据
2025-07-05 10:32:46,792 - INFO - 执行数据质量检查...
2025-07-05 10:32:46,794 - INFO - 目标变量中发现 324 个潜在异常值
2025-07-05 10:32:46,795 - INFO - 目标变量 - 偏度: 1.167, 峰度: 0.250
2025-07-05 10:32:46,795 - INFO - 数据准备完成: 1716 行, 日期范围: 2017-12-15 00:00:00 到 2024-12-31 00:00:00
2025-07-05 10:32:46,795 - INFO - 创建高级特征...
2025-07-05 10:32:46,975 - INFO - 特征创建完成。清洁数据集: (1517, 256)
2025-07-05 10:32:46,976 - INFO - 总特征数: 254
2025-07-05 10:32:46,976 - INFO - 创建增强模型...
2025-07-05 10:32:46,977 - INFO - 训练和评估模型...
2025-07-05 10:32:46,980 - INFO - 数据分割 - 训练: 1213, 测试: 304
2025-07-05 10:32:46,980 - INFO - 执行特征选择，从 254 个特征中选择 30 个
2025-07-05 10:32:46,985 - INFO - 选中的特征: ['Open', 'High', 'Low', 'Adj Close', 'sma_5', 'ema_5', 'sma_10', 'ema_10', 'sma_20', 'ema_20', 'bollinger_upper_10', 'bollinger_lower_10', 'rolling_mean_10', 'rolling_q25_10', 'rolling_q75_10', 'rolling_median_10', 'rolling_mean_20', 'rolling_q25_20', 'Close_lag_1', 'Close_lag_2', 'Close_lag_3', 'Close_lag_5', 'Close_rolling_mean_5', 'Close_rolling_min_5', 'Close_rolling_max_5', 'Close_rolling_mean_10', 'Close_rolling_min_10', 'Close_rolling_max_10', 'Close_rolling_mean_20', 'Close_rolling_min_20']
2025-07-05 10:32:46,986 - INFO - 训练 linear_regression...
2025-07-05 10:32:46,990 - INFO - linear_regression - 测试 R²: 1.0000, 测试 RMSE: 0.0000
2025-07-05 10:32:46,990 - INFO - 训练 ridge_regression...
2025-07-05 10:32:46,990 - INFO - 为 ridge_regression 优化超参数
2025-07-05 10:32:48,344 - INFO - ridge_regression 最佳参数: {'model__alpha': 0.1}
2025-07-05 10:32:48,348 - INFO - ridge_regression - 测试 R²: 1.0000, 测试 RMSE: 0.0243
2025-07-05 10:32:48,348 - INFO - 训练 lasso_regression...
2025-07-05 10:32:48,348 - INFO - 为 lasso_regression 优化超参数
2025-07-05 10:32:48,429 - INFO - lasso_regression 最佳参数: {'model__alpha': 0.01}
2025-07-05 10:32:48,459 - INFO - lasso_regression - 测试 R²: 0.9999, 测试 RMSE: 0.0572
2025-07-05 10:32:48,459 - INFO - 训练 elastic_net...
2025-07-05 10:32:48,476 - INFO - elastic_net - 测试 R²: 0.9671, 测试 RMSE: 0.8583
2025-07-05 10:32:48,476 - INFO - 训练 random_forest...
2025-07-05 10:32:48,476 - INFO - 为 random_forest 优化超参数
2025-07-05 10:32:52,472 - INFO - random_forest 最佳参数: {'model__n_estimators': 100, 'model__min_samples_split': 5, 'model__max_depth': 20}
2025-07-05 10:32:52,808 - INFO - random_forest - 测试 R²: 1.0000, 测试 RMSE: 0.0191
2025-07-05 10:32:52,808 - INFO - 训练 extra_trees...
2025-07-05 10:32:52,956 - INFO - extra_trees - 测试 R²: 1.0000, 测试 RMSE: 0.0258
2025-07-05 10:32:52,956 - INFO - 训练 gradient_boosting...
2025-07-05 10:32:52,956 - INFO - 为 gradient_boosting 优化超参数
2025-07-05 10:33:00,898 - INFO - gradient_boosting 最佳参数: {'model__n_estimators': 200, 'model__max_depth': 3, 'model__learning_rate': 0.1}
2025-07-05 10:33:01,968 - INFO - gradient_boosting - 测试 R²: 0.9994, 测试 RMSE: 0.1121
2025-07-05 10:33:01,968 - INFO - 训练 svr_rbf...
2025-07-05 10:33:01,968 - INFO - 为 svr_rbf 优化超参数
2025-07-05 10:33:02,179 - INFO - svr_rbf 最佳参数: {'model__gamma': 'scale', 'model__C': 10}
2025-07-05 10:33:02,229 - INFO - svr_rbf - 测试 R²: 0.9996, 测试 RMSE: 0.0918
2025-07-05 10:33:02,229 - INFO - 训练 svr_linear...
2025-07-05 10:33:02,290 - INFO - svr_linear - 测试 R²: 0.9999, 测试 RMSE: 0.0459
2025-07-05 10:33:02,290 - INFO - 训练 mlp_regressor...
2025-07-05 10:33:02,792 - INFO - mlp_regressor - 测试 R²: 0.9790, 测试 RMSE: 0.6855
2025-07-05 10:33:02,792 - INFO - 最佳模型: linear_regression
2025-07-05 10:33:02,792 - INFO - 创建综合可视化...
2025-07-05 10:33:03,997 - INFO - 模型 linear_regression 不支持特征重要性分析
2025-07-05 10:33:04,875 - INFO - 可视化已保存到 results/Q3_enhanced/plots
2025-07-05 10:33:04,876 - INFO - 保存综合结果...
2025-07-05 10:33:04,937 - INFO - 结果已保存到 results/Q3_enhanced
2025-07-05 10:33:04,937 - INFO - 生成综合分析报告...
2025-07-05 10:33:04,940 - INFO - 报告已生成: results/Q3_enhanced/reports/comprehensive_analysis_report.md
